<?xml version="1.0" encoding="UTF-8"?>
<!-- Generated by org.testng.reporters.JUnitReportReporter -->
<testsuite hostname="Chaman-Pc" failures="0" tests="1" name="TestCase.Login" time="9.147" errors="0" timestamp="2024-09-29T11:59:21 IST" skipped="0">
  <testcase classname="TestCase.Login" name="TestCase2" time="9.147"/>
</testsuite> <!-- TestCase.Login -->
