<?xml version="1.0" encoding="UTF-8"?>
<!-- Generated by org.testng.reporters.JUnitReportReporter -->
<testsuite hostname="Chaman-Pc" failures="0" tests="9" name="TestCase.Login" time="32.931" errors="0" timestamp="2024-09-29T08:44:36 IST" skipped="0">
  <testcase classname="TestCase.Login" name="TestCase2" time="4.565"/>
  <testcase classname="TestCase.Login" name="TestCase3" time="2.663"/>
  <testcase classname="TestCase.Login" name="TestCase8" time="2.552"/>
  <testcase classname="TestCase.Login" name="TestCase7" time="7.953"/>
  <testcase classname="TestCase.Login" name="TestCase1" time="4.751"/>
  <testcase classname="TestCase.Login" name="TestCase6" time="2.521"/>
  <testcase classname="TestCase.Login" name="TestCase4" time="2.495"/>
  <testcase classname="TestCase.Login" name="TestCase9" time="2.777"/>
  <testcase classname="TestCase.Login" name="TestCase5" time="2.654"/>
</testsuite> <!-- TestCase.Login -->
