<?xml version="1.0" encoding="UTF-8"?>
<!-- Generated by org.testng.reporters.JUnitReportReporter -->
<testsuite hostname="Chaman-Pc" failures="0" tests="1" name="TestCase.LoginPage" time="3.104" errors="0" timestamp="2024-09-28T22:50:48 IST" skipped="0">
  <testcase classname="TestCase.LoginPage" name="TestCase1" time="3.104"/>
</testsuite> <!-- TestCase.LoginPage -->
