<?xml version="1.0" encoding="UTF-8"?>
<!-- Generated by org.testng.reporters.JUnitReportReporter -->
<testsuite hostname="Chaman-Pc" failures="0" tests="9" name="TestCase.Login" time="34.953" errors="0" timestamp="2024-09-29T08:43:29 IST" skipped="0">
  <testcase classname="TestCase.Login" name="TestCase1" time="5.321"/>
  <testcase classname="TestCase.Login" name="TestCase6" time="2.577"/>
  <testcase classname="TestCase.Login" name="TestCase3" time="2.718"/>
  <testcase classname="TestCase.Login" name="TestCase4" time="2.745"/>
  <testcase classname="TestCase.Login" name="TestCase9" time="3.315"/>
  <testcase classname="TestCase.Login" name="TestCase2" time="4.909"/>
  <testcase classname="TestCase.Login" name="TestCase5" time="2.621"/>
  <testcase classname="TestCase.Login" name="TestCase7" time="8.111"/>
  <testcase classname="TestCase.Login" name="TestCase8" time="2.636"/>
</testsuite> <!-- TestCase.Login -->
